Arguments: 
  /Users/didi/.nvm/versions/node/v14.18.1/bin/node /Users/didi/.nvm/versions/node/v14.18.1/bin/yarn

PATH: 
  /Users/didi/.cargo/bin:/usr/local/opt/mongodb-community@3.4/bin:/usr/local/opt/mongodb-community@3.4/bin:/Applications/XAMPP/bin:/Users/didi/.nvm/versions/node/v14.18.1/bin:/usr/local/bin:/usr/bin:/bin:/usr/sbin:/sbin:/Library/Apple/usr/bin:/Library/Apple/bin:/Applications/Docker.app/Contents/Resources/bin:/usr/local/go/bin:/Users/yuanzhiying/Library/flutter/bin

Yarn version: 
  1.22.17

Node version: 
  14.18.1

Platform: 
  darwin x64

Trace: 
  SyntaxError: /Users/didi/didi-project/growth/skedo/package.json: Unexpected end of JSON input
      at JSON.parse (<anonymous>)
      at /Users/didi/.nvm/versions/node/v14.18.1/lib/node_modules/yarn/lib/cli.js:1625:59
      at Generator.next (<anonymous>)
      at step (/Users/didi/.nvm/versions/node/v14.18.1/lib/node_modules/yarn/lib/cli.js:310:30)
      at /Users/didi/.nvm/versions/node/v14.18.1/lib/node_modules/yarn/lib/cli.js:321:13

npm manifest: 
  {
    "name": "inventer-svc-config",
    "version": "1.0.0",
    "description": "",
    "main": "index.js",
    "scripts": {
      "test": "echo \"Error: no test specified\" && exit 1"
    },
    "author": "",
    "license": "ISC",
    "devDependencies": {
      "@types/node": "^16.4.1"
    }
  }

yarn manifest: 
  No manifest

Lockfile: 
  No lockfile
